<?xml version="1.0" encoding="UTF-8"?>
<testng-results ignored="0" total="1" passed="1" failed="0" skipped="0">
  <reporter-output>
  </reporter-output>
  <suite started-at="2023-11-18T21:18:21 IST" name="Default suite" finished-at="2023-11-18T21:20:58 IST" duration-ms="156544">
    <groups>
    </groups>
    <test started-at="2023-11-18T21:18:21 IST" name="Default test" finished-at="2023-11-18T21:20:58 IST" duration-ms="156544">
      <class name="Basic.CreateContact">
        <test-method signature="Contact()[pri:0, instance:Basic.CreateContact@76a4ebf2]" started-at="2023-11-18T21:18:21 IST" name="Contact" finished-at="2023-11-18T21:20:57 IST" duration-ms="156439" status="PASS">
          <reporter-output>
          </reporter-output>
        </test-method> <!-- Contact -->
      </class> <!-- Basic.CreateContact -->
    </test> <!-- Default test -->
  </suite> <!-- Default suite -->
</testng-results>
